<?xml version="1.0" encoding="UTF-8"?>
<!-- Generated by org.testng.reporters.JUnitReportReporter -->
<testsuite skipped="0" hostname="LAPTOP-1VDAQV47" name="com.restapi.Test_Delete" tests="1" failures="0" timestamp="2022-01-17T22:11:48 IST" time="3.123" errors="0">
  <testcase name="test" time="3.123" classname="com.restapi.Test_Delete"/>
  <system-out/>
</testsuite> <!-- com.restapi.Test_Delete -->
