<?xml version="1.0" encoding="UTF-8"?>
<!-- Generated by org.testng.reporters.JUnitReportReporter -->
<testsuite skipped="0" hostname="LAPTOP-1VDAQV47" name="com.restapi.Test_Post" tests="1" failures="0" timestamp="2022-01-17T22:07:06 IST" time="3.749" errors="0">
  <testcase name="test1" time="3.749" classname="com.restapi.Test_Post"/>
  <system-out/>
</testsuite> <!-- com.restapi.Test_Post -->
