<?xml version="1.0" encoding="UTF-8"?>
<!-- Generated by org.testng.reporters.JUnitReportReporter -->
<testsuite skipped="0" hostname="LAPTOP-1VDAQV47" name="com.restapi.Test_Get" tests="1" failures="0" timestamp="2022-01-17T21:48:57 IST" time="3.866" errors="0">
  <testcase name="test3" time="3.866" classname="com.restapi.Test_Get"/>
  <system-out/>
</testsuite> <!-- com.restapi.Test_Get -->
